[5.923s] Invoking command in '/home/user/ros2_ws/src/alphabot': DEBUGINFOD_URLS=https://debuginfod.ubuntu.com PYTHONPATH=/home/user/ros2_ws/src/alphabot/build/alphabot/prefix_override:/usr/lib/python3/dist-packages/colcon_core/task/python/colcon_distutils_commands:/home/user/ros2_ws/src/alphabot/install/alphabot/lib/python3.12/site-packages:${PYTHONPATH} /usr/bin/python3 -W ignore:setup.py install is deprecated -W ignore:easy_install command is deprecated setup.py egg_info --egg-base build/alphabot build --build-base /home/user/ros2_ws/src/alphabot/build/alphabot/build install --record /home/user/ros2_ws/src/alphabot/build/alphabot/install.log --single-version-externally-managed install_data
[7.624s] running egg_info
[7.624s] creating build/alphabot/alphabot.egg-info
[7.755s] writing build/alphabot/alphabot.egg-info/PKG-INFO
[7.759s] writing dependency_links to build/alphabot/alphabot.egg-info/dependency_links.txt
[7.759s] writing requirements to build/alphabot/alphabot.egg-info/requires.txt
[7.760s] writing top-level names to build/alphabot/alphabot.egg-info/top_level.txt
[7.761s] writing manifest file 'build/alphabot/alphabot.egg-info/SOURCES.txt'
[8.021s] reading manifest file 'build/alphabot/alphabot.egg-info/SOURCES.txt'
[8.022s] writing manifest file 'build/alphabot/alphabot.egg-info/SOURCES.txt'
[8.023s] running build
[8.024s] running build_py
[8.025s] creating /home/user/ros2_ws/src/alphabot/build/alphabot/build
[8.026s] creating /home/user/ros2_ws/src/alphabot/build/alphabot/build/lib
[8.027s] creating /home/user/ros2_ws/src/alphabot/build/alphabot/build/lib/alphabot
[8.028s] copying alphabot/__init__.py -> /home/user/ros2_ws/src/alphabot/build/alphabot/build/lib/alphabot
[8.030s] running install
[8.059s] running install_lib
[8.167s] creating /home/user/ros2_ws/src/alphabot/install/alphabot/lib/python3.12/site-packages/alphabot
[8.167s] copying /home/user/ros2_ws/src/alphabot/build/alphabot/build/lib/alphabot/__init__.py -> /home/user/ros2_ws/src/alphabot/install/alphabot/lib/python3.12/site-packages/alphabot
[8.171s] byte-compiling /home/user/ros2_ws/src/alphabot/install/alphabot/lib/python3.12/site-packages/alphabot/__init__.py to __init__.cpython-312.pyc
[8.173s] running install_data
[8.173s] creating /home/user/ros2_ws/src/alphabot/install/alphabot/share/ament_index
[8.174s] creating /home/user/ros2_ws/src/alphabot/install/alphabot/share/ament_index/resource_index
[8.174s] creating /home/user/ros2_ws/src/alphabot/install/alphabot/share/ament_index/resource_index/packages
[8.175s] copying resource/alphabot -> /home/user/ros2_ws/src/alphabot/install/alphabot/share/ament_index/resource_index/packages
[8.175s] copying package.xml -> /home/user/ros2_ws/src/alphabot/install/alphabot/share/alphabot
[8.176s] running install_egg_info
[8.280s] Copying build/alphabot/alphabot.egg-info to /home/user/ros2_ws/src/alphabot/install/alphabot/lib/python3.12/site-packages/alphabot-0.0.0-py3.12.egg-info
[8.286s] running install_scripts
[9.233s] writing list of installed files to '/home/user/ros2_ws/src/alphabot/build/alphabot/install.log'
[9.435s] Invoked command in '/home/user/ros2_ws/src/alphabot' returned '0': DEBUGINFOD_URLS=https://debuginfod.ubuntu.com PYTHONPATH=/home/user/ros2_ws/src/alphabot/build/alphabot/prefix_override:/usr/lib/python3/dist-packages/colcon_core/task/python/colcon_distutils_commands:/home/user/ros2_ws/src/alphabot/install/alphabot/lib/python3.12/site-packages:${PYTHONPATH} /usr/bin/python3 -W ignore:setup.py install is deprecated -W ignore:easy_install command is deprecated setup.py egg_info --egg-base build/alphabot build --build-base /home/user/ros2_ws/src/alphabot/build/alphabot/build install --record /home/user/ros2_ws/src/alphabot/build/alphabot/install.log --single-version-externally-managed install_data
