running egg_info
writing build/alphabot/alphabot.egg-info/PKG-INFO
writing dependency_links to build/alphabot/alphabot.egg-info/dependency_links.txt
writing entry points to build/alphabot/alphabot.egg-info/entry_points.txt
writing requirements to build/alphabot/alphabot.egg-info/requires.txt
writing top-level names to build/alphabot/alphabot.egg-info/top_level.txt
reading manifest file 'build/alphabot/alphabot.egg-info/SOURCES.txt'
writing manifest file 'build/alphabot/alphabot.egg-info/SOURCES.txt'
running build
running build_py
copying alphabot/alphabot.py -> /home/user/ros2_ws/src/alphabot/build/alphabot/build/lib/alphabot
running install
running install_lib
copying /home/user/ros2_ws/src/alphabot/build/alphabot/build/lib/alphabot/alphabot.py -> /home/user/ros2_ws/src/alphabot/install/alphabot/lib/python3.12/site-packages/alphabot
byte-compiling /home/user/ros2_ws/src/alphabot/install/alphabot/lib/python3.12/site-packages/alphabot/alphabot.py to alphabot.cpython-312.pyc
running install_data
running install_egg_info
removing '/home/user/ros2_ws/src/alphabot/install/alphabot/lib/python3.12/site-packages/alphabot-0.0.0-py3.12.egg-info' (and everything under it)
Copying build/alphabot/alphabot.egg-info to /home/user/ros2_ws/src/alphabot/install/alphabot/lib/python3.12/site-packages/alphabot-0.0.0-py3.12.egg-info
running install_scripts
Installing test_node script to /home/user/ros2_ws/src/alphabot/install/alphabot/lib/alphabot
writing list of installed files to '/home/user/ros2_ws/src/alphabot/build/alphabot/install.log'
