[0.648s] DEBUG:colcon:Command line arguments: ['/usr/bin/colcon', 'build']
[0.649s] DEBUG:colcon:Parsed command line arguments: Namespace(log_base=None, log_level=None, verb_name='build', build_base='build', install_base='install', merge_install=False, symlink_install=False, test_result_base=None, continue_on_error=False, executor='parallel', parallel_workers=4, event_handlers=None, ignore_user_meta=False, metas=['./colcon.meta'], base_paths=['.'], packages_ignore=None, packages_ignore_regex=None, paths=None, packages_up_to=None, packages_up_to_regex=None, packages_above=None, packages_above_and_dependencies=None, packages_above_depth=None, packages_select_by_dep=None, packages_skip_by_dep=None, packages_skip_up_to=None, packages_select_build_failed=False, packages_skip_build_finished=False, packages_select_test_failures=False, packages_skip_test_passed=False, packages_select=None, packages_skip=None, packages_select_regex=None, packages_skip_regex=None, packages_start=None, packages_end=None, allow_overriding=[], cmake_args=None, cmake_target=None, cmake_target_skip_unavailable=False, cmake_clean_cache=False, cmake_clean_first=False, cmake_force_configure=False, ament_cmake_args=None, catkin_cmake_args=None, catkin_skip_building_tests=False, mixin_files=None, mixin=None, verb_parser=<colcon_mixin.mixin.mixin_argument.MixinArgumentDecorator object at 0xffff9b81e870>, verb_extension=<colcon_core.verb.build.BuildVerb object at 0xffff9b9cede0>, main=<bound method BuildVerb.main of <colcon_core.verb.build.BuildVerb object at 0xffff9b9cede0>>, mixin_verb=('build',))
[0.885s] Level 1:colcon.colcon_core.package_discovery:discover_packages(colcon_meta) check parameters
[0.885s] Level 1:colcon.colcon_core.package_discovery:discover_packages(recursive) check parameters
[0.886s] Level 1:colcon.colcon_core.package_discovery:discover_packages(ignore) check parameters
[0.886s] Level 1:colcon.colcon_core.package_discovery:discover_packages(path) check parameters
[0.886s] Level 1:colcon.colcon_core.package_discovery:discover_packages(colcon_meta) discover
[0.886s] Level 1:colcon.colcon_core.package_discovery:discover_packages(recursive) discover
[0.887s] INFO:colcon.colcon_core.package_discovery:Crawling recursively for packages in '/home/user/ros2_ws/src/alphabot'
[0.887s] Level 1:colcon.colcon_core.package_identification:_identify(.) by extensions ['ignore', 'ignore_ament_install']
[0.888s] Level 1:colcon.colcon_core.package_identification:_identify(.) by extension 'ignore'
[0.889s] Level 1:colcon.colcon_core.package_identification:_identify(.) by extension 'ignore_ament_install'
[0.889s] Level 1:colcon.colcon_core.package_identification:_identify(.) by extensions ['colcon_pkg']
[0.889s] Level 1:colcon.colcon_core.package_identification:_identify(.) by extension 'colcon_pkg'
[0.890s] Level 1:colcon.colcon_core.package_identification:_identify(.) by extensions ['colcon_meta']
[0.891s] Level 1:colcon.colcon_core.package_identification:_identify(.) by extension 'colcon_meta'
[0.893s] Level 1:colcon.colcon_core.package_identification:_identify(.) by extensions ['ros']
[0.894s] Level 1:colcon.colcon_core.package_identification:_identify(.) by extension 'ros'
[1.078s] DEBUG:colcon.colcon_core.package_identification:Package '.' with type 'ros.ament_python' and name 'alphabot'
[1.078s] Level 1:colcon.colcon_core.package_discovery:discover_packages(recursive) using defaults
[1.078s] Level 1:colcon.colcon_core.package_discovery:discover_packages(ignore) discover
[1.079s] Level 1:colcon.colcon_core.package_discovery:discover_packages(ignore) using defaults
[1.079s] Level 1:colcon.colcon_core.package_discovery:discover_packages(path) discover
[1.079s] Level 1:colcon.colcon_core.package_discovery:discover_packages(path) using defaults
[1.159s] Level 1:colcon.colcon_core.package_discovery:discover_packages(prefix_path) check parameters
[1.159s] Level 1:colcon.colcon_core.package_discovery:discover_packages(prefix_path) discover
[1.177s] DEBUG:colcon.colcon_installed_package_information.package_discovery:Found 23 installed packages in /home/user/ros2_ws/install
[1.188s] DEBUG:colcon.colcon_installed_package_information.package_discovery:Found 311 installed packages in /opt/ros/jazzy
[1.201s] Level 1:colcon.colcon_core.package_discovery:discover_packages(prefix_path) using defaults
[1.483s] Level 5:colcon.colcon_core.verb:set package 'alphabot' build argument 'cmake_args' from command line to 'None'
[1.483s] Level 5:colcon.colcon_core.verb:set package 'alphabot' build argument 'cmake_target' from command line to 'None'
[1.483s] Level 5:colcon.colcon_core.verb:set package 'alphabot' build argument 'cmake_target_skip_unavailable' from command line to 'False'
[1.484s] Level 5:colcon.colcon_core.verb:set package 'alphabot' build argument 'cmake_clean_cache' from command line to 'False'
[1.484s] Level 5:colcon.colcon_core.verb:set package 'alphabot' build argument 'cmake_clean_first' from command line to 'False'
[1.484s] Level 5:colcon.colcon_core.verb:set package 'alphabot' build argument 'cmake_force_configure' from command line to 'False'
[1.484s] Level 5:colcon.colcon_core.verb:set package 'alphabot' build argument 'ament_cmake_args' from command line to 'None'
[1.484s] Level 5:colcon.colcon_core.verb:set package 'alphabot' build argument 'catkin_cmake_args' from command line to 'None'
[1.484s] Level 5:colcon.colcon_core.verb:set package 'alphabot' build argument 'catkin_skip_building_tests' from command line to 'False'
[1.484s] DEBUG:colcon.colcon_core.verb:Building package 'alphabot' with the following arguments: {'ament_cmake_args': None, 'build_base': '/home/user/ros2_ws/src/alphabot/build/alphabot', 'catkin_cmake_args': None, 'catkin_skip_building_tests': False, 'cmake_args': None, 'cmake_clean_cache': False, 'cmake_clean_first': False, 'cmake_force_configure': False, 'cmake_target': None, 'cmake_target_skip_unavailable': False, 'install_base': '/home/user/ros2_ws/src/alphabot/install/alphabot', 'merge_install': False, 'path': '/home/user/ros2_ws/src/alphabot', 'symlink_install': False, 'test_result_base': None}
[1.485s] INFO:colcon.colcon_core.executor:Executing jobs using 'parallel' executor
[1.488s] DEBUG:colcon.colcon_parallel_executor.executor.parallel:run_until_complete
[1.489s] INFO:colcon.colcon_ros.task.ament_python.build:Building ROS package in '/home/user/ros2_ws/src/alphabot' with build type 'ament_python'
[1.490s] Level 1:colcon.colcon_core.shell:create_environment_hook('alphabot', 'ament_prefix_path')
[1.503s] INFO:colcon.colcon_core.plugin_system:Skipping extension 'colcon_core.shell.bat': Not used on non-Windows systems
[1.504s] INFO:colcon.colcon_core.shell:Creating environment hook '/home/user/ros2_ws/src/alphabot/install/alphabot/share/alphabot/hook/ament_prefix_path.ps1'
[1.507s] INFO:colcon.colcon_core.shell:Creating environment descriptor '/home/user/ros2_ws/src/alphabot/install/alphabot/share/alphabot/hook/ament_prefix_path.dsv'
[1.519s] INFO:colcon.colcon_core.shell:Creating environment hook '/home/user/ros2_ws/src/alphabot/install/alphabot/share/alphabot/hook/ament_prefix_path.sh'
[1.530s] INFO:colcon.colcon_core.shell:Skip shell extension 'powershell' for command environment: Not usable outside of PowerShell
[1.530s] DEBUG:colcon.colcon_core.shell:Skip shell extension 'dsv' for command environment
[2.924s] INFO:colcon.colcon_core.task.python.build:Building Python package in '/home/user/ros2_ws/src/alphabot'
[2.925s] INFO:colcon.colcon_core.shell:Skip shell extension 'powershell' for command environment: Not usable outside of PowerShell
[2.926s] DEBUG:colcon.colcon_core.shell:Skip shell extension 'dsv' for command environment
[6.562s] DEBUG:colcon.colcon_core.event_handler.log_command:Invoking command in '/home/user/ros2_ws/src/alphabot': DEBUGINFOD_URLS=https://debuginfod.ubuntu.com PYTHONPATH=/home/user/ros2_ws/src/alphabot/build/alphabot/prefix_override:/usr/lib/python3/dist-packages/colcon_core/task/python/colcon_distutils_commands:/home/user/ros2_ws/src/alphabot/install/alphabot/lib/python3.12/site-packages:${PYTHONPATH} /usr/bin/python3 -W ignore:setup.py install is deprecated -W ignore:easy_install command is deprecated setup.py egg_info --egg-base build/alphabot build --build-base /home/user/ros2_ws/src/alphabot/build/alphabot/build install --record /home/user/ros2_ws/src/alphabot/build/alphabot/install.log --single-version-externally-managed install_data
[10.095s] DEBUG:colcon.colcon_core.event_handler.log_command:Invoked command in '/home/user/ros2_ws/src/alphabot' returned '0': DEBUGINFOD_URLS=https://debuginfod.ubuntu.com PYTHONPATH=/home/user/ros2_ws/src/alphabot/build/alphabot/prefix_override:/usr/lib/python3/dist-packages/colcon_core/task/python/colcon_distutils_commands:/home/user/ros2_ws/src/alphabot/install/alphabot/lib/python3.12/site-packages:${PYTHONPATH} /usr/bin/python3 -W ignore:setup.py install is deprecated -W ignore:easy_install command is deprecated setup.py egg_info --egg-base build/alphabot build --build-base /home/user/ros2_ws/src/alphabot/build/alphabot/build install --record /home/user/ros2_ws/src/alphabot/build/alphabot/install.log --single-version-externally-managed install_data
[10.109s] Level 1:colcon.colcon_core.environment:checking '/home/user/ros2_ws/src/alphabot/install/alphabot' for CMake module files
[10.111s] Level 1:colcon.colcon_core.environment:checking '/home/user/ros2_ws/src/alphabot/install/alphabot' for CMake config files
[10.116s] Level 1:colcon.colcon_core.environment:checking '/home/user/ros2_ws/src/alphabot/install/alphabot/lib'
[10.117s] Level 1:colcon.colcon_core.environment:checking '/home/user/ros2_ws/src/alphabot/install/alphabot/bin'
[10.117s] Level 1:colcon.colcon_core.environment:checking '/home/user/ros2_ws/src/alphabot/install/alphabot/lib/pkgconfig/alphabot.pc'
[10.118s] Level 1:colcon.colcon_core.environment:checking '/home/user/ros2_ws/src/alphabot/install/alphabot/lib/python3.12/site-packages'
[10.119s] Level 1:colcon.colcon_core.shell:create_environment_hook('alphabot', 'pythonpath')
[10.120s] INFO:colcon.colcon_core.shell:Creating environment hook '/home/user/ros2_ws/src/alphabot/install/alphabot/share/alphabot/hook/pythonpath.ps1'
[10.122s] INFO:colcon.colcon_core.shell:Creating environment descriptor '/home/user/ros2_ws/src/alphabot/install/alphabot/share/alphabot/hook/pythonpath.dsv'
[10.128s] INFO:colcon.colcon_core.shell:Creating environment hook '/home/user/ros2_ws/src/alphabot/install/alphabot/share/alphabot/hook/pythonpath.sh'
[10.131s] Level 1:colcon.colcon_core.environment:checking '/home/user/ros2_ws/src/alphabot/install/alphabot/bin'
[10.132s] Level 1:colcon.colcon_core.environment:create_environment_scripts_only(alphabot)
[10.133s] INFO:colcon.colcon_core.shell:Creating package script '/home/user/ros2_ws/src/alphabot/install/alphabot/share/alphabot/package.ps1'
[10.137s] INFO:colcon.colcon_core.shell:Creating package descriptor '/home/user/ros2_ws/src/alphabot/install/alphabot/share/alphabot/package.dsv'
[10.140s] INFO:colcon.colcon_core.shell:Creating package script '/home/user/ros2_ws/src/alphabot/install/alphabot/share/alphabot/package.sh'
[10.143s] INFO:colcon.colcon_core.shell:Creating package script '/home/user/ros2_ws/src/alphabot/install/alphabot/share/alphabot/package.bash'
[10.148s] INFO:colcon.colcon_core.shell:Creating package script '/home/user/ros2_ws/src/alphabot/install/alphabot/share/alphabot/package.zsh'
[10.151s] Level 1:colcon.colcon_core.environment:create_file_with_runtime_dependencies(/home/user/ros2_ws/src/alphabot/install/alphabot/share/colcon-core/packages/alphabot)
[10.155s] DEBUG:colcon.colcon_parallel_executor.executor.parallel:closing loop
[10.156s] DEBUG:colcon.colcon_parallel_executor.executor.parallel:loop closed
[10.157s] DEBUG:colcon.colcon_parallel_executor.executor.parallel:run_until_complete finished with '0'
[10.157s] DEBUG:colcon.colcon_core.event_reactor:joining thread
[10.185s] INFO:colcon.colcon_core.plugin_system:Skipping extension 'colcon_notification.desktop_notification.terminal_notifier': Not used on non-Darwin systems
[10.186s] INFO:colcon.colcon_core.plugin_system:Skipping extension 'colcon_notification.desktop_notification.win32': Not used on non-Windows systems
[10.186s] INFO:colcon.colcon_notification.desktop_notification:Sending desktop notification using 'notify2'
[10.192s] DEBUG:colcon.colcon_notification.desktop_notification.notify2:Failed to initialize notify2: org.freedesktop.DBus.Error.ServiceUnknown: The name org.freedesktop.Notifications was not provided by any .service files
[10.193s] DEBUG:colcon.colcon_core.event_reactor:joined thread
[10.194s] INFO:colcon.colcon_core.shell:Creating prefix script '/home/user/ros2_ws/src/alphabot/install/local_setup.ps1'
[10.197s] INFO:colcon.colcon_core.shell:Creating prefix util module '/home/user/ros2_ws/src/alphabot/install/_local_setup_util_ps1.py'
[10.202s] INFO:colcon.colcon_core.shell:Creating prefix chain script '/home/user/ros2_ws/src/alphabot/install/setup.ps1'
[10.213s] INFO:colcon.colcon_core.shell:Creating prefix script '/home/user/ros2_ws/src/alphabot/install/local_setup.sh'
[10.218s] INFO:colcon.colcon_core.shell:Creating prefix util module '/home/user/ros2_ws/src/alphabot/install/_local_setup_util_sh.py'
[10.221s] INFO:colcon.colcon_core.shell:Creating prefix chain script '/home/user/ros2_ws/src/alphabot/install/setup.sh'
[10.233s] INFO:colcon.colcon_core.shell:Creating prefix script '/home/user/ros2_ws/src/alphabot/install/local_setup.bash'
[10.237s] INFO:colcon.colcon_core.shell:Creating prefix chain script '/home/user/ros2_ws/src/alphabot/install/setup.bash'
[10.248s] INFO:colcon.colcon_core.shell:Creating prefix script '/home/user/ros2_ws/src/alphabot/install/local_setup.zsh'
[10.251s] INFO:colcon.colcon_core.shell:Creating prefix chain script '/home/user/ros2_ws/src/alphabot/install/setup.zsh'
