[0.565s] DEBUG:colcon:Command line arguments: ['/usr/bin/colcon', 'build']
[0.566s] DEBUG:colcon:Parsed command line arguments: Namespace(log_base=None, log_level=None, verb_name='build', build_base='build', install_base='install', merge_install=False, symlink_install=False, test_result_base=None, continue_on_error=False, executor='parallel', parallel_workers=4, event_handlers=None, ignore_user_meta=False, metas=['./colcon.meta'], base_paths=['.'], packages_ignore=None, packages_ignore_regex=None, paths=None, packages_up_to=None, packages_up_to_regex=None, packages_above=None, packages_above_and_dependencies=None, packages_above_depth=None, packages_select_by_dep=None, packages_skip_by_dep=None, packages_skip_up_to=None, packages_select_build_failed=False, packages_skip_build_finished=False, packages_select_test_failures=False, packages_skip_test_passed=False, packages_select=None, packages_skip=None, packages_select_regex=None, packages_skip_regex=None, packages_start=None, packages_end=None, allow_overriding=[], cmake_args=None, cmake_target=None, cmake_target_skip_unavailable=False, cmake_clean_cache=False, cmake_clean_first=False, cmake_force_configure=False, ament_cmake_args=None, catkin_cmake_args=None, catkin_skip_building_tests=False, mixin_files=None, mixin=None, verb_parser=<colcon_mixin.mixin.mixin_argument.MixinArgumentDecorator object at 0xffff9fb667e0>, verb_extension=<colcon_core.verb.build.BuildVerb object at 0xffff9fcc6e40>, main=<bound method BuildVerb.main of <colcon_core.verb.build.BuildVerb object at 0xffff9fcc6e40>>, mixin_verb=('build',))
[0.913s] Level 1:colcon.colcon_core.package_discovery:discover_packages(colcon_meta) check parameters
[0.913s] Level 1:colcon.colcon_core.package_discovery:discover_packages(recursive) check parameters
[0.913s] Level 1:colcon.colcon_core.package_discovery:discover_packages(ignore) check parameters
[0.914s] Level 1:colcon.colcon_core.package_discovery:discover_packages(path) check parameters
[0.914s] Level 1:colcon.colcon_core.package_discovery:discover_packages(colcon_meta) discover
[0.914s] Level 1:colcon.colcon_core.package_discovery:discover_packages(recursive) discover
[0.914s] INFO:colcon.colcon_core.package_discovery:Crawling recursively for packages in '/home/user/ros2_ws/src/alphabot'
[0.915s] Level 1:colcon.colcon_core.package_identification:_identify(.) by extensions ['ignore', 'ignore_ament_install']
[0.915s] Level 1:colcon.colcon_core.package_identification:_identify(.) by extension 'ignore'
[0.916s] Level 1:colcon.colcon_core.package_identification:_identify(.) by extension 'ignore_ament_install'
[0.916s] Level 1:colcon.colcon_core.package_identification:_identify(.) by extensions ['colcon_pkg']
[0.916s] Level 1:colcon.colcon_core.package_identification:_identify(.) by extension 'colcon_pkg'
[0.916s] Level 1:colcon.colcon_core.package_identification:_identify(.) by extensions ['colcon_meta']
[0.917s] Level 1:colcon.colcon_core.package_identification:_identify(.) by extension 'colcon_meta'
[0.917s] Level 1:colcon.colcon_core.package_identification:_identify(.) by extensions ['ros']
[0.917s] Level 1:colcon.colcon_core.package_identification:_identify(.) by extension 'ros'
[1.049s] DEBUG:colcon.colcon_core.package_identification:Package '.' with type 'ros.ament_python' and name 'alphabot'
[1.049s] Level 1:colcon.colcon_core.package_discovery:discover_packages(recursive) using defaults
[1.050s] Level 1:colcon.colcon_core.package_discovery:discover_packages(ignore) discover
[1.050s] Level 1:colcon.colcon_core.package_discovery:discover_packages(ignore) using defaults
[1.050s] Level 1:colcon.colcon_core.package_discovery:discover_packages(path) discover
[1.050s] Level 1:colcon.colcon_core.package_discovery:discover_packages(path) using defaults
[1.190s] Level 1:colcon.colcon_core.package_discovery:discover_packages(prefix_path) check parameters
[1.190s] Level 1:colcon.colcon_core.package_discovery:discover_packages(prefix_path) discover
[1.217s] DEBUG:colcon.colcon_installed_package_information.package_discovery:Found 23 installed packages in /home/user/ros2_ws/install
[1.231s] DEBUG:colcon.colcon_installed_package_information.package_discovery:Found 311 installed packages in /opt/ros/jazzy
[1.248s] Level 1:colcon.colcon_core.package_discovery:discover_packages(prefix_path) using defaults
[1.825s] Level 5:colcon.colcon_core.verb:set package 'alphabot' build argument 'cmake_args' from command line to 'None'
[1.825s] Level 5:colcon.colcon_core.verb:set package 'alphabot' build argument 'cmake_target' from command line to 'None'
[1.826s] Level 5:colcon.colcon_core.verb:set package 'alphabot' build argument 'cmake_target_skip_unavailable' from command line to 'False'
[1.826s] Level 5:colcon.colcon_core.verb:set package 'alphabot' build argument 'cmake_clean_cache' from command line to 'False'
[1.826s] Level 5:colcon.colcon_core.verb:set package 'alphabot' build argument 'cmake_clean_first' from command line to 'False'
[1.826s] Level 5:colcon.colcon_core.verb:set package 'alphabot' build argument 'cmake_force_configure' from command line to 'False'
[1.826s] Level 5:colcon.colcon_core.verb:set package 'alphabot' build argument 'ament_cmake_args' from command line to 'None'
[1.826s] Level 5:colcon.colcon_core.verb:set package 'alphabot' build argument 'catkin_cmake_args' from command line to 'None'
[1.826s] Level 5:colcon.colcon_core.verb:set package 'alphabot' build argument 'catkin_skip_building_tests' from command line to 'False'
[1.827s] DEBUG:colcon.colcon_core.verb:Building package 'alphabot' with the following arguments: {'ament_cmake_args': None, 'build_base': '/home/user/ros2_ws/src/alphabot/build/alphabot', 'catkin_cmake_args': None, 'catkin_skip_building_tests': False, 'cmake_args': None, 'cmake_clean_cache': False, 'cmake_clean_first': False, 'cmake_force_configure': False, 'cmake_target': None, 'cmake_target_skip_unavailable': False, 'install_base': '/home/user/ros2_ws/src/alphabot/install/alphabot', 'merge_install': False, 'path': '/home/user/ros2_ws/src/alphabot', 'symlink_install': False, 'test_result_base': None}
[1.827s] INFO:colcon.colcon_core.executor:Executing jobs using 'parallel' executor
[1.831s] DEBUG:colcon.colcon_parallel_executor.executor.parallel:run_until_complete
[1.832s] INFO:colcon.colcon_ros.task.ament_python.build:Building ROS package in '/home/user/ros2_ws/src/alphabot' with build type 'ament_python'
[1.833s] Level 1:colcon.colcon_core.shell:create_environment_hook('alphabot', 'ament_prefix_path')
[1.855s] INFO:colcon.colcon_core.plugin_system:Skipping extension 'colcon_core.shell.bat': Not used on non-Windows systems
[1.856s] INFO:colcon.colcon_core.shell:Creating environment hook '/home/user/ros2_ws/src/alphabot/install/alphabot/share/alphabot/hook/ament_prefix_path.ps1'
[1.859s] INFO:colcon.colcon_core.shell:Creating environment descriptor '/home/user/ros2_ws/src/alphabot/install/alphabot/share/alphabot/hook/ament_prefix_path.dsv'
[1.861s] INFO:colcon.colcon_core.shell:Creating environment hook '/home/user/ros2_ws/src/alphabot/install/alphabot/share/alphabot/hook/ament_prefix_path.sh'
[1.864s] INFO:colcon.colcon_core.shell:Skip shell extension 'powershell' for command environment: Not usable outside of PowerShell
[1.864s] DEBUG:colcon.colcon_core.shell:Skip shell extension 'dsv' for command environment
[3.240s] INFO:colcon.colcon_core.task.python.build:Building Python package in '/home/user/ros2_ws/src/alphabot'
[3.242s] INFO:colcon.colcon_core.shell:Skip shell extension 'powershell' for command environment: Not usable outside of PowerShell
[3.242s] DEBUG:colcon.colcon_core.shell:Skip shell extension 'dsv' for command environment
[7.799s] DEBUG:colcon.colcon_core.event_handler.log_command:Invoking command in '/home/user/ros2_ws/src/alphabot': DEBUGINFOD_URLS=https://debuginfod.ubuntu.com PYTHONPATH=/home/user/ros2_ws/src/alphabot/build/alphabot/prefix_override:/usr/lib/python3/dist-packages/colcon_core/task/python/colcon_distutils_commands:/home/user/ros2_ws/src/alphabot/install/alphabot/lib/python3.12/site-packages:${PYTHONPATH} /usr/bin/python3 -W ignore:setup.py install is deprecated -W ignore:easy_install command is deprecated setup.py egg_info --egg-base build/alphabot build --build-base /home/user/ros2_ws/src/alphabot/build/alphabot/build install --record /home/user/ros2_ws/src/alphabot/build/alphabot/install.log --single-version-externally-managed install_data
[11.421s] DEBUG:colcon.colcon_core.event_handler.log_command:Invoked command in '/home/user/ros2_ws/src/alphabot' returned '0': DEBUGINFOD_URLS=https://debuginfod.ubuntu.com PYTHONPATH=/home/user/ros2_ws/src/alphabot/build/alphabot/prefix_override:/usr/lib/python3/dist-packages/colcon_core/task/python/colcon_distutils_commands:/home/user/ros2_ws/src/alphabot/install/alphabot/lib/python3.12/site-packages:${PYTHONPATH} /usr/bin/python3 -W ignore:setup.py install is deprecated -W ignore:easy_install command is deprecated setup.py egg_info --egg-base build/alphabot build --build-base /home/user/ros2_ws/src/alphabot/build/alphabot/build install --record /home/user/ros2_ws/src/alphabot/build/alphabot/install.log --single-version-externally-managed install_data
[11.461s] Level 1:colcon.colcon_core.environment:checking '/home/user/ros2_ws/src/alphabot/install/alphabot' for CMake module files
[11.521s] Level 1:colcon.colcon_core.environment:checking '/home/user/ros2_ws/src/alphabot/install/alphabot' for CMake config files
[11.671s] Level 1:colcon.colcon_core.environment:checking '/home/user/ros2_ws/src/alphabot/install/alphabot/lib'
[11.671s] Level 1:colcon.colcon_core.environment:checking '/home/user/ros2_ws/src/alphabot/install/alphabot/bin'
[11.672s] Level 1:colcon.colcon_core.environment:checking '/home/user/ros2_ws/src/alphabot/install/alphabot/lib/pkgconfig/alphabot.pc'
[11.673s] Level 1:colcon.colcon_core.environment:checking '/home/user/ros2_ws/src/alphabot/install/alphabot/lib/python3.12/site-packages'
[11.674s] Level 1:colcon.colcon_core.shell:create_environment_hook('alphabot', 'pythonpath')
[11.675s] INFO:colcon.colcon_core.shell:Creating environment hook '/home/user/ros2_ws/src/alphabot/install/alphabot/share/alphabot/hook/pythonpath.ps1'
[11.678s] INFO:colcon.colcon_core.shell:Creating environment descriptor '/home/user/ros2_ws/src/alphabot/install/alphabot/share/alphabot/hook/pythonpath.dsv'
[11.684s] INFO:colcon.colcon_core.shell:Creating environment hook '/home/user/ros2_ws/src/alphabot/install/alphabot/share/alphabot/hook/pythonpath.sh'
[11.687s] Level 1:colcon.colcon_core.environment:checking '/home/user/ros2_ws/src/alphabot/install/alphabot/bin'
[11.687s] Level 1:colcon.colcon_core.environment:create_environment_scripts_only(alphabot)
[11.688s] INFO:colcon.colcon_core.shell:Creating package script '/home/user/ros2_ws/src/alphabot/install/alphabot/share/alphabot/package.ps1'
[11.691s] INFO:colcon.colcon_core.shell:Creating package descriptor '/home/user/ros2_ws/src/alphabot/install/alphabot/share/alphabot/package.dsv'
[11.693s] INFO:colcon.colcon_core.shell:Creating package script '/home/user/ros2_ws/src/alphabot/install/alphabot/share/alphabot/package.sh'
[11.696s] INFO:colcon.colcon_core.shell:Creating package script '/home/user/ros2_ws/src/alphabot/install/alphabot/share/alphabot/package.bash'
[11.700s] INFO:colcon.colcon_core.shell:Creating package script '/home/user/ros2_ws/src/alphabot/install/alphabot/share/alphabot/package.zsh'
[11.702s] Level 1:colcon.colcon_core.environment:create_file_with_runtime_dependencies(/home/user/ros2_ws/src/alphabot/install/alphabot/share/colcon-core/packages/alphabot)
[11.704s] DEBUG:colcon.colcon_parallel_executor.executor.parallel:closing loop
[11.705s] DEBUG:colcon.colcon_parallel_executor.executor.parallel:loop closed
[11.707s] DEBUG:colcon.colcon_parallel_executor.executor.parallel:run_until_complete finished with '0'
[11.708s] DEBUG:colcon.colcon_core.event_reactor:joining thread
[11.734s] INFO:colcon.colcon_core.plugin_system:Skipping extension 'colcon_notification.desktop_notification.terminal_notifier': Not used on non-Darwin systems
[11.734s] INFO:colcon.colcon_core.plugin_system:Skipping extension 'colcon_notification.desktop_notification.win32': Not used on non-Windows systems
[11.735s] INFO:colcon.colcon_notification.desktop_notification:Sending desktop notification using 'notify2'
[11.741s] DEBUG:colcon.colcon_notification.desktop_notification.notify2:Failed to initialize notify2: org.freedesktop.DBus.Error.ServiceUnknown: The name org.freedesktop.Notifications was not provided by any .service files
[11.741s] DEBUG:colcon.colcon_core.event_reactor:joined thread
[11.742s] INFO:colcon.colcon_core.shell:Creating prefix script '/home/user/ros2_ws/src/alphabot/install/local_setup.ps1'
[11.750s] INFO:colcon.colcon_core.shell:Creating prefix util module '/home/user/ros2_ws/src/alphabot/install/_local_setup_util_ps1.py'
[11.756s] INFO:colcon.colcon_core.shell:Creating prefix chain script '/home/user/ros2_ws/src/alphabot/install/setup.ps1'
[11.767s] INFO:colcon.colcon_core.shell:Creating prefix script '/home/user/ros2_ws/src/alphabot/install/local_setup.sh'
[11.770s] INFO:colcon.colcon_core.shell:Creating prefix util module '/home/user/ros2_ws/src/alphabot/install/_local_setup_util_sh.py'
[11.773s] INFO:colcon.colcon_core.shell:Creating prefix chain script '/home/user/ros2_ws/src/alphabot/install/setup.sh'
[11.784s] INFO:colcon.colcon_core.shell:Creating prefix script '/home/user/ros2_ws/src/alphabot/install/local_setup.bash'
[11.786s] INFO:colcon.colcon_core.shell:Creating prefix chain script '/home/user/ros2_ws/src/alphabot/install/setup.bash'
[11.797s] INFO:colcon.colcon_core.shell:Creating prefix script '/home/user/ros2_ws/src/alphabot/install/local_setup.zsh'
[11.800s] INFO:colcon.colcon_core.shell:Creating prefix chain script '/home/user/ros2_ws/src/alphabot/install/setup.zsh'
