[0.668s] DEBUG:colcon:Command line arguments: ['/usr/bin/colcon', 'build']
[0.669s] DEBUG:colcon:Parsed command line arguments: Namespace(log_base=None, log_level=None, verb_name='build', build_base='build', install_base='install', merge_install=False, symlink_install=False, test_result_base=None, continue_on_error=False, executor='parallel', parallel_workers=4, event_handlers=None, ignore_user_meta=False, metas=['./colcon.meta'], base_paths=['.'], packages_ignore=None, packages_ignore_regex=None, paths=None, packages_up_to=None, packages_up_to_regex=None, packages_above=None, packages_above_and_dependencies=None, packages_above_depth=None, packages_select_by_dep=None, packages_skip_by_dep=None, packages_skip_up_to=None, packages_select_build_failed=False, packages_skip_build_finished=False, packages_select_test_failures=False, packages_skip_test_passed=False, packages_select=None, packages_skip=None, packages_select_regex=None, packages_skip_regex=None, packages_start=None, packages_end=None, allow_overriding=[], cmake_args=None, cmake_target=None, cmake_target_skip_unavailable=False, cmake_clean_cache=False, cmake_clean_first=False, cmake_force_configure=False, ament_cmake_args=None, catkin_cmake_args=None, catkin_skip_building_tests=False, mixin_files=None, mixin=None, verb_parser=<colcon_mixin.mixin.mixin_argument.MixinArgumentDecorator object at 0xffff922868a0>, verb_extension=<colcon_core.verb.build.BuildVerb object at 0xffff9243af60>, main=<bound method BuildVerb.main of <colcon_core.verb.build.BuildVerb object at 0xffff9243af60>>, mixin_verb=('build',))
[0.913s] Level 1:colcon.colcon_core.package_discovery:discover_packages(colcon_meta) check parameters
[0.914s] Level 1:colcon.colcon_core.package_discovery:discover_packages(recursive) check parameters
[0.915s] Level 1:colcon.colcon_core.package_discovery:discover_packages(ignore) check parameters
[0.915s] Level 1:colcon.colcon_core.package_discovery:discover_packages(path) check parameters
[0.916s] Level 1:colcon.colcon_core.package_discovery:discover_packages(colcon_meta) discover
[0.917s] Level 1:colcon.colcon_core.package_discovery:discover_packages(recursive) discover
[0.918s] INFO:colcon.colcon_core.package_discovery:Crawling recursively for packages in '/home/user/ros2_ws/src/alphabot'
[0.919s] Level 1:colcon.colcon_core.package_identification:_identify(.) by extensions ['ignore', 'ignore_ament_install']
[0.920s] Level 1:colcon.colcon_core.package_identification:_identify(.) by extension 'ignore'
[0.921s] Level 1:colcon.colcon_core.package_identification:_identify(.) by extension 'ignore_ament_install'
[0.922s] Level 1:colcon.colcon_core.package_identification:_identify(.) by extensions ['colcon_pkg']
[0.922s] Level 1:colcon.colcon_core.package_identification:_identify(.) by extension 'colcon_pkg'
[0.923s] Level 1:colcon.colcon_core.package_identification:_identify(.) by extensions ['colcon_meta']
[0.923s] Level 1:colcon.colcon_core.package_identification:_identify(.) by extension 'colcon_meta'
[0.923s] Level 1:colcon.colcon_core.package_identification:_identify(.) by extensions ['ros']
[0.923s] Level 1:colcon.colcon_core.package_identification:_identify(.) by extension 'ros'
[1.101s] DEBUG:colcon.colcon_core.package_identification:Package '.' with type 'ros.ament_python' and name 'alphabot'
[1.101s] Level 1:colcon.colcon_core.package_discovery:discover_packages(recursive) using defaults
[1.102s] Level 1:colcon.colcon_core.package_discovery:discover_packages(ignore) discover
[1.102s] Level 1:colcon.colcon_core.package_discovery:discover_packages(ignore) using defaults
[1.102s] Level 1:colcon.colcon_core.package_discovery:discover_packages(path) discover
[1.102s] Level 1:colcon.colcon_core.package_discovery:discover_packages(path) using defaults
[1.192s] Level 1:colcon.colcon_core.package_discovery:discover_packages(prefix_path) check parameters
[1.192s] Level 1:colcon.colcon_core.package_discovery:discover_packages(prefix_path) discover
[1.212s] DEBUG:colcon.colcon_installed_package_information.package_discovery:Found 23 installed packages in /home/user/ros2_ws/install
[1.224s] DEBUG:colcon.colcon_installed_package_information.package_discovery:Found 311 installed packages in /opt/ros/jazzy
[1.237s] Level 1:colcon.colcon_core.package_discovery:discover_packages(prefix_path) using defaults
[1.516s] Level 5:colcon.colcon_core.verb:set package 'alphabot' build argument 'cmake_args' from command line to 'None'
[1.516s] Level 5:colcon.colcon_core.verb:set package 'alphabot' build argument 'cmake_target' from command line to 'None'
[1.517s] Level 5:colcon.colcon_core.verb:set package 'alphabot' build argument 'cmake_target_skip_unavailable' from command line to 'False'
[1.517s] Level 5:colcon.colcon_core.verb:set package 'alphabot' build argument 'cmake_clean_cache' from command line to 'False'
[1.517s] Level 5:colcon.colcon_core.verb:set package 'alphabot' build argument 'cmake_clean_first' from command line to 'False'
[1.517s] Level 5:colcon.colcon_core.verb:set package 'alphabot' build argument 'cmake_force_configure' from command line to 'False'
[1.517s] Level 5:colcon.colcon_core.verb:set package 'alphabot' build argument 'ament_cmake_args' from command line to 'None'
[1.517s] Level 5:colcon.colcon_core.verb:set package 'alphabot' build argument 'catkin_cmake_args' from command line to 'None'
[1.518s] Level 5:colcon.colcon_core.verb:set package 'alphabot' build argument 'catkin_skip_building_tests' from command line to 'False'
[1.518s] DEBUG:colcon.colcon_core.verb:Building package 'alphabot' with the following arguments: {'ament_cmake_args': None, 'build_base': '/home/user/ros2_ws/src/alphabot/build/alphabot', 'catkin_cmake_args': None, 'catkin_skip_building_tests': False, 'cmake_args': None, 'cmake_clean_cache': False, 'cmake_clean_first': False, 'cmake_force_configure': False, 'cmake_target': None, 'cmake_target_skip_unavailable': False, 'install_base': '/home/user/ros2_ws/src/alphabot/install/alphabot', 'merge_install': False, 'path': '/home/user/ros2_ws/src/alphabot', 'symlink_install': False, 'test_result_base': None}
[1.518s] INFO:colcon.colcon_core.executor:Executing jobs using 'parallel' executor
[1.523s] DEBUG:colcon.colcon_parallel_executor.executor.parallel:run_until_complete
[1.524s] INFO:colcon.colcon_ros.task.ament_python.build:Building ROS package in '/home/user/ros2_ws/src/alphabot' with build type 'ament_python'
[1.524s] Level 1:colcon.colcon_core.shell:create_environment_hook('alphabot', 'ament_prefix_path')
[1.538s] INFO:colcon.colcon_core.plugin_system:Skipping extension 'colcon_core.shell.bat': Not used on non-Windows systems
[1.539s] INFO:colcon.colcon_core.shell:Creating environment hook '/home/user/ros2_ws/src/alphabot/install/alphabot/share/alphabot/hook/ament_prefix_path.ps1'
[1.542s] INFO:colcon.colcon_core.shell:Creating environment descriptor '/home/user/ros2_ws/src/alphabot/install/alphabot/share/alphabot/hook/ament_prefix_path.dsv'
[1.545s] INFO:colcon.colcon_core.shell:Creating environment hook '/home/user/ros2_ws/src/alphabot/install/alphabot/share/alphabot/hook/ament_prefix_path.sh'
[1.548s] INFO:colcon.colcon_core.shell:Skip shell extension 'powershell' for command environment: Not usable outside of PowerShell
[1.549s] DEBUG:colcon.colcon_core.shell:Skip shell extension 'dsv' for command environment
[2.885s] INFO:colcon.colcon_core.task.python.build:Building Python package in '/home/user/ros2_ws/src/alphabot'
[2.886s] INFO:colcon.colcon_core.shell:Skip shell extension 'powershell' for command environment: Not usable outside of PowerShell
[2.886s] DEBUG:colcon.colcon_core.shell:Skip shell extension 'dsv' for command environment
[6.612s] DEBUG:colcon.colcon_core.event_handler.log_command:Invoking command in '/home/user/ros2_ws/src/alphabot': DEBUGINFOD_URLS=https://debuginfod.ubuntu.com PYTHONPATH=/home/user/ros2_ws/src/alphabot/build/alphabot/prefix_override:/usr/lib/python3/dist-packages/colcon_core/task/python/colcon_distutils_commands:/home/user/ros2_ws/src/alphabot/install/alphabot/lib/python3.12/site-packages:${PYTHONPATH} /usr/bin/python3 -W ignore:setup.py install is deprecated -W ignore:easy_install command is deprecated setup.py egg_info --egg-base build/alphabot build --build-base /home/user/ros2_ws/src/alphabot/build/alphabot/build install --record /home/user/ros2_ws/src/alphabot/build/alphabot/install.log --single-version-externally-managed install_data
[10.149s] DEBUG:colcon.colcon_core.event_handler.log_command:Invoked command in '/home/user/ros2_ws/src/alphabot' returned '0': DEBUGINFOD_URLS=https://debuginfod.ubuntu.com PYTHONPATH=/home/user/ros2_ws/src/alphabot/build/alphabot/prefix_override:/usr/lib/python3/dist-packages/colcon_core/task/python/colcon_distutils_commands:/home/user/ros2_ws/src/alphabot/install/alphabot/lib/python3.12/site-packages:${PYTHONPATH} /usr/bin/python3 -W ignore:setup.py install is deprecated -W ignore:easy_install command is deprecated setup.py egg_info --egg-base build/alphabot build --build-base /home/user/ros2_ws/src/alphabot/build/alphabot/build install --record /home/user/ros2_ws/src/alphabot/build/alphabot/install.log --single-version-externally-managed install_data
[10.162s] Level 1:colcon.colcon_core.environment:checking '/home/user/ros2_ws/src/alphabot/install/alphabot' for CMake module files
[10.165s] Level 1:colcon.colcon_core.environment:checking '/home/user/ros2_ws/src/alphabot/install/alphabot' for CMake config files
[10.169s] Level 1:colcon.colcon_core.environment:checking '/home/user/ros2_ws/src/alphabot/install/alphabot/lib'
[10.170s] Level 1:colcon.colcon_core.environment:checking '/home/user/ros2_ws/src/alphabot/install/alphabot/bin'
[10.170s] Level 1:colcon.colcon_core.environment:checking '/home/user/ros2_ws/src/alphabot/install/alphabot/lib/pkgconfig/alphabot.pc'
[10.171s] Level 1:colcon.colcon_core.environment:checking '/home/user/ros2_ws/src/alphabot/install/alphabot/lib/python3.12/site-packages'
[10.172s] Level 1:colcon.colcon_core.shell:create_environment_hook('alphabot', 'pythonpath')
[10.173s] INFO:colcon.colcon_core.shell:Creating environment hook '/home/user/ros2_ws/src/alphabot/install/alphabot/share/alphabot/hook/pythonpath.ps1'
[10.175s] INFO:colcon.colcon_core.shell:Creating environment descriptor '/home/user/ros2_ws/src/alphabot/install/alphabot/share/alphabot/hook/pythonpath.dsv'
[10.178s] INFO:colcon.colcon_core.shell:Creating environment hook '/home/user/ros2_ws/src/alphabot/install/alphabot/share/alphabot/hook/pythonpath.sh'
[10.182s] Level 1:colcon.colcon_core.environment:checking '/home/user/ros2_ws/src/alphabot/install/alphabot/bin'
[10.182s] Level 1:colcon.colcon_core.environment:create_environment_scripts_only(alphabot)
[10.184s] INFO:colcon.colcon_core.shell:Creating package script '/home/user/ros2_ws/src/alphabot/install/alphabot/share/alphabot/package.ps1'
[10.189s] INFO:colcon.colcon_core.shell:Creating package descriptor '/home/user/ros2_ws/src/alphabot/install/alphabot/share/alphabot/package.dsv'
[10.193s] INFO:colcon.colcon_core.shell:Creating package script '/home/user/ros2_ws/src/alphabot/install/alphabot/share/alphabot/package.sh'
[10.196s] INFO:colcon.colcon_core.shell:Creating package script '/home/user/ros2_ws/src/alphabot/install/alphabot/share/alphabot/package.bash'
[10.201s] INFO:colcon.colcon_core.shell:Creating package script '/home/user/ros2_ws/src/alphabot/install/alphabot/share/alphabot/package.zsh'
[10.204s] Level 1:colcon.colcon_core.environment:create_file_with_runtime_dependencies(/home/user/ros2_ws/src/alphabot/install/alphabot/share/colcon-core/packages/alphabot)
[10.207s] DEBUG:colcon.colcon_parallel_executor.executor.parallel:closing loop
[10.209s] DEBUG:colcon.colcon_parallel_executor.executor.parallel:loop closed
[10.210s] DEBUG:colcon.colcon_parallel_executor.executor.parallel:run_until_complete finished with '0'
[10.212s] DEBUG:colcon.colcon_core.event_reactor:joining thread
[10.240s] INFO:colcon.colcon_core.plugin_system:Skipping extension 'colcon_notification.desktop_notification.terminal_notifier': Not used on non-Darwin systems
[10.240s] INFO:colcon.colcon_core.plugin_system:Skipping extension 'colcon_notification.desktop_notification.win32': Not used on non-Windows systems
[10.240s] INFO:colcon.colcon_notification.desktop_notification:Sending desktop notification using 'notify2'
[10.247s] DEBUG:colcon.colcon_notification.desktop_notification.notify2:Failed to initialize notify2: org.freedesktop.DBus.Error.ServiceUnknown: The name org.freedesktop.Notifications was not provided by any .service files
[10.248s] DEBUG:colcon.colcon_core.event_reactor:joined thread
[10.249s] INFO:colcon.colcon_core.shell:Creating prefix script '/home/user/ros2_ws/src/alphabot/install/local_setup.ps1'
[10.252s] INFO:colcon.colcon_core.shell:Creating prefix util module '/home/user/ros2_ws/src/alphabot/install/_local_setup_util_ps1.py'
[10.258s] INFO:colcon.colcon_core.shell:Creating prefix chain script '/home/user/ros2_ws/src/alphabot/install/setup.ps1'
[10.269s] INFO:colcon.colcon_core.shell:Creating prefix script '/home/user/ros2_ws/src/alphabot/install/local_setup.sh'
[10.272s] INFO:colcon.colcon_core.shell:Creating prefix util module '/home/user/ros2_ws/src/alphabot/install/_local_setup_util_sh.py'
[10.276s] INFO:colcon.colcon_core.shell:Creating prefix chain script '/home/user/ros2_ws/src/alphabot/install/setup.sh'
[10.288s] INFO:colcon.colcon_core.shell:Creating prefix script '/home/user/ros2_ws/src/alphabot/install/local_setup.bash'
[10.291s] INFO:colcon.colcon_core.shell:Creating prefix chain script '/home/user/ros2_ws/src/alphabot/install/setup.bash'
[10.303s] INFO:colcon.colcon_core.shell:Creating prefix script '/home/user/ros2_ws/src/alphabot/install/local_setup.zsh'
[10.306s] INFO:colcon.colcon_core.shell:Creating prefix chain script '/home/user/ros2_ws/src/alphabot/install/setup.zsh'
